#
# A fatal error has been detected by the Java Runtime Environment:
#
#  EXCEPTION_ACCESS_VIOLATION (0xc0000005) at pc=0x00007ffed74a6bca, pid=652, tid=14680
#
# JRE version: OpenJDK Runtime Environment Temurin-21.0.3+9 (21.0.3+9) (build 21.0.3+9-LTS)
# Java VM: OpenJDK 64-Bit Server VM Temurin-21.0.3+9 (21.0.3+9-LTS, mixed mode, emulated-client, tiered, compressed oops, compressed class ptrs, g1 gc, windows-amd64)
# Problematic frame:
# V  [jvm.dll+0x2e6bca]
#
# No core dump will be written. Minidumps are not enabled by default on client versions of Windows
#
# If you would like to submit a bug report, please visit:
#   https://github.com/adoptium/adoptium-support/issues
#

---------------  S U M M A R Y ------------

Command Line: -XX:+ShowCodeDetailsInExceptionMessages -agentlib:jdwp=transport=dt_socket,suspend=y,address=localhost:50420 -Dcom.sun.management.jmxremote -Dcom.sun.management.jmxremote.port=50419 -Dcom.sun.management.jmxremote.authenticate=false -Dcom.sun.management.jmxremote.ssl=false -Djava.rmi.server.hostname=localhost -Dspring.jmx.enabled=true -Dmanagement.endpoints.jmx.exposure.include=* -Dspring.application.admin.enabled=true -XX:TieredStopAtLevel=1 -Dspring.boot.project.name=MetaProject -javaagent:D:\sts-4.23.1.RELEASE\configuration\org.eclipse.osgi\270\0\.cp\lib\javaagent-shaded.jar -Dfile.encoding=UTF-8 -Dstdout.encoding=UTF-8 -Dstderr.encoding=UTF-8 com.example.demo.MetaProjectApplication --spring.output.ansi.enabled=always

Host: 12th Gen Intel(R) Core(TM) i5-1235U, 12 cores, 23G,  Windows 11 , 64 bit Build 22621 (10.0.22621.3085)
Time: Fri Jul 12 20:15:35 2024 India Standard Time elapsed time: 255.299803 seconds (0d 0h 4m 15s)

---------------  T H R E A D  ---------------

Current thread (0x0000023042abf320):  JavaThread "C1 CompilerThread0" daemon [_thread_in_vm, id=14680, stack(0x0000008d19b00000,0x0000008d19c00000) (1024K)]


Current CompileTask:
C1: 255299 7329       1       sun.nio.ch.WEPollSelectorImpl::processEvents (152 bytes)

Stack: [0x0000008d19b00000,0x0000008d19c00000],  sp=0x0000008d19bfdff0,  free space=1015k
Native frames: (J=compiled Java code, j=interpreted, Vv=VM code, C=native code)
V  [jvm.dll+0x2e6bca]
V  [jvm.dll+0x2e6b02]
V  [jvm.dll+0x26b9d2]
V  [jvm.dll+0x1e7a74]
V  [jvm.dll+0x1e844d]
V  [jvm.dll+0x1e81f0]
V  [jvm.dll+0x2032c2]
V  [jvm.dll+0x15bf9d]
V  [jvm.dll+0x15ebd9]
V  [jvm.dll+0x15d1f5]
V  [jvm.dll+0x157127]
V  [jvm.dll+0x166956]
V  [jvm.dll+0x152560]
V  [jvm.dll+0x1528e3]
V  [jvm.dll+0x152bb4]
V  [jvm.dll+0x151fe6]
V  [jvm.dll+0x153dbd]
V  [jvm.dll+0x255719]
V  [jvm.dll+0x253cba]
V  [jvm.dll+0x3ec1e6]
V  [jvm.dll+0x84bf8b]
V  [jvm.dll+0x6c6dcd]
C  [ucrtbase.dll+0x29363]
C  [KERNEL32.DLL+0x1257d]
C  [ntdll.dll+0x5aa58]


siginfo: EXCEPTION_ACCESS_VIOLATION (0xc0000005), reading address 0x0000000000000000


Registers:
RAX=0x0000000000000000, RBX=0x0000000000000000, RCX=0x00000230317a9090, RDX=0x0000023042abf320
RSP=0x0000008d19bfdff0, RBP=0x0000023031841940, RSI=0x0000000000000000, RDI=0x0000023042abf320
R8 =0x0000000000000000, R9 =0x0000000000000000, R10=0x0000023045c93a00, R11=0x00007ffed7fe1b8d
R12=0x0000000000000000, R13=0x0000008d19bfe318, R14=0x0000000000000000, R15=0x0000008d19bfe260
RIP=0x00007ffed74a6bca, EFLAGS=0x0000000000010246


Register to memory mapping:

RAX=0x0 is null
RBX=0x0 is null
RCX=0x00000230317a9090 points into unknown readable memory: 0x0000000000000efe | fe 0e 00 00 00 00 00 00
RDX=0x0000023042abf320 is a thread
RSP=0x0000008d19bfdff0 is pointing into the stack for thread: 0x0000023042abf320
RBP=0x0000023031841940 points into unknown readable memory: 0x0000000000000000 | 00 00 00 00 00 00 00 00
RSI=0x0 is null
RDI=0x0000023042abf320 is a thread
R8 =0x0 is null
R9 =0x0 is null
R10=0x0000023045c93a00 is pointing into metadata
R11=0x00007ffed7fe1b8d VCRUNTIME140.dll
R12=0x0 is null
R13=0x0000008d19bfe318 is pointing into the stack for thread: 0x0000023042abf320
R14=0x0 is null
R15=0x0000008d19bfe260 is pointing into the stack for thread: 0x0000023042abf320

Top of Stack: (sp=0x0000008d19bfdff0)
0x0000008d19bfdff0:   0000023042a4f308 0000000000000000
0x0000008d19bfe000:   0000008d19bfe0d0 000002304257aca0
0x0000008d19bfe010:   0000008d19bfe260 0000023042abf320
0x0000008d19bfe020:   0000000000000000 00007ffed74a6b02
0x0000008d19bfe030:   0000008d19bfe0d0 0000000000000000
0x0000008d19bfe040:   0000000000000000 00007ffed73b0da2
0x0000008d19bfe050:   0000023042abf320 00007ffed742b9d2
0x0000008d19bfe060:   0000000000000000 0000000000000000
0x0000008d19bfe070:   0000023045c95978 0000023042abf320
0x0000008d19bfe080:   0000023042abf320 0000023042a8cf60
0x0000008d19bfe090:   0000023042a3b770 0000023042a3b780
0x0000008d19bfe0a0:   0000023042a3b858 00000000000000d8
0x0000008d19bfe0b0:   0000008d19bff788 00000230479970c8
0x0000008d19bfe0c0:   0000008d19bfe260 0000000000000020
0x0000008d19bfe0d0:   0000000000004c78 0000008d19bfe1f8
0x0000008d19bfe0e0:   000002304257aca0 00007ffed73a7a74
0x0000008d19bfe0f0:   00000000000000bc 0000008d19bff130
0x0000008d19bfe100:   0000000000000036 00007ffed742bee2
0x0000008d19bfe110:   0000023042abf320 0000023047b2e860
0x0000008d19bfe120:   0000000000000036 0000008d19bfe260
0x0000008d19bfe130:   00000000000000b6 00007ffed73a844d
0x0000008d19bfe140:   0000023045c979c8 000002304257aca0
0x0000008d19bfe150:   0000008d19bff130 0000008d19bfe260
0x0000008d19bfe160:   0000023047b2e860 00007ffed731ad83
0x0000008d19bfe170:   000002304f1cb040 000002304f1caf08
0x0000008d19bfe180:   00008dca1287d803 000002304783c701
0x0000008d19bfe190:   0000008d19bfe5f0 00007ffed731ad83
0x0000008d19bfe1a0:   000002304f1cb1d8 0000008d19bfe5f0
0x0000008d19bfe1b0:   0000000000000070 0000008d19bff130
0x0000008d19bfe1c0:   0000008d19bfe318 0000000000000020
0x0000008d19bfe1d0:   00000000000000b6 00007ffed73a81f0
0x0000008d19bfe1e0:   000002304257aca0 0000008d19bfe260 

Instructions: (pc=0x00007ffed74a6bca)
0x00007ffed74a6aca:   c7 74 16 48 8b 5b 08 48 85 db 75 ea 32 c0 48 8b
0x00007ffed74a6ada:   5c 24 30 48 83 c4 20 5f c3 48 8b 5c 24 30 b0 01
0x00007ffed74a6aea:   48 83 c4 20 5f c3 48 89 5c 24 08 57 48 83 ec 20
0x00007ffed74a6afa:   49 8b d9 e8 6e 00 00 00 48 8b f8 48 85 c0 74 31
0x00007ffed74a6b0a:   48 85 db 74 1e 48 83 3b 00 74 18 e8 86 54 0f 00
0x00007ffed74a6b1a:   84 c0 74 0f 48 8b 13 48 8b cf e8 67 ff ff ff 84
0x00007ffed74a6b2a:   c0 74 0e 48 8b 07 48 8b 5c 24 30 48 83 c4 20 5f
0x00007ffed74a6b3a:   c3 48 8b 5c 24 30 33 c0 48 83 c4 20 5f c3 cc cc
0x00007ffed74a6b4a:   cc cc cc cc cc cc 48 83 ec 28 e8 17 00 00 00 48
0x00007ffed74a6b5a:   85 c0 74 08 48 8b 00 48 83 c4 28 c3 48 83 c4 28
0x00007ffed74a6b6a:   c3 cc cc cc cc cc 48 89 5c 24 10 48 89 6c 24 18
0x00007ffed74a6b7a:   56 57 41 56 48 83 ec 20 48 8b b2 a8 01 00 00 45
0x00007ffed74a6b8a:   33 f6 48 8b 69 08 49 8b d8 48 8b fa 48 8b c6 40
0x00007ffed74a6b9a:   f6 c6 01 75 0b 48 8b 05 ea 2a 9a 00 48 83 c8 01
0x00007ffed74a6baa:   48 89 82 a8 01 00 00 e8 0a 2b 3d 00 90 48 8b 45
0x00007ffed74a6bba:   50 48 85 c0 74 0a 4c 89 75 50 e8 f7 2a 3d 00 90
0x00007ffed74a6bca:   8b 0b 0f b6 43 07 0f b6 53 06 48 c1 e2 08 48 0b
0x00007ffed74a6bda:   d0 c1 e9 10 0f b7 43 04 48 c1 e0 08 48 33 d0 48
0x00007ffed74a6bea:   8b c3 48 83 e0 f8 48 c1 e2 03 48 33 d0 0f b7 c1
0x00007ffed74a6bfa:   81 e2 ff ff 07 00 48 c1 e2 0d 48 0b d0 48 8b 45
0x00007ffed74a6c0a:   10 48 8b 48 18 48 8b 00 48 23 ca 4c 8d 04 c8 48
0x00007ffed74a6c1a:   8b 04 c8 d0 e8 a8 01 74 12 48 8b 45 18 48 8b 48
0x00007ffed74a6c2a:   18 48 8b 00 48 23 ca 4c 8d 04 c8 49 8b 00 48 83
0x00007ffed74a6c3a:   e0 fc 74 17 66 90 48 8b 48 08 48 8b 11 48 39 5a
0x00007ffed74a6c4a:   18 74 08 48 8b 00 48 85 c0 75 eb 48 85 c0 48 8d
0x00007ffed74a6c5a:   48 08 49 0f 44 ce 48 85 c9 74 05 48 8b 01 eb 03
0x00007ffed74a6c6a:   49 8b c6 48 8b 5c 24 48 48 8b 6c 24 50 48 89 b7
0x00007ffed74a6c7a:   a8 01 00 00 48 83 c4 20 41 5e 5f 5e c3 cc cc cc
0x00007ffed74a6c8a:   cc cc cc cc cc cc 4d 3b c1 0f 83 fb 01 00 00 4c
0x00007ffed74a6c9a:   89 4c 24 20 55 41 55 41 57 48 83 ec 50 48 89 5c
0x00007ffed74a6caa:   24 70 4d 8b e8 48 89 74 24 48 4c 8b fa 48 89 7c
0x00007ffed74a6cba:   24 40 48 8b e9 4c 89 64 24 38 4c 89 74 24 30 0f 


Stack slot to memory mapping:

stack at sp + 0 slots: 0x0000023042a4f308 points into unknown readable memory: 0x616a001b9340ffff | ff ff 40 93 1b 00 6a 61
stack at sp + 1 slots: 0x0 is null
stack at sp + 2 slots: 0x0000008d19bfe0d0 is pointing into the stack for thread: 0x0000023042abf320
stack at sp + 3 slots: 0x000002304257aca0 points into unknown readable memory: 0x0000000000000000 | 00 00 00 00 00 00 00 00
stack at sp + 4 slots: 0x0000008d19bfe260 is pointing into the stack for thread: 0x0000023042abf320
stack at sp + 5 slots: 0x0000023042abf320 is a thread
stack at sp + 6 slots: 0x0 is null
stack at sp + 7 slots: 0x00007ffed74a6b02 jvm.dll


---------------  P R O C E S S  ---------------

Threads class SMR info:
_java_thread_list=0x0000023047ddb090, length=38, elements={
0x0000023042adcd30, 0x0000023042a88f20, 0x0000023042a89eb0, 0x0000023042a8ad10,
0x0000023042a8dbe0, 0x0000023042abe8c0, 0x0000023042abf320, 0x0000023042bd6ad0,
0x0000023042d1a840, 0x0000023042d36780, 0x0000023042d3cf30, 0x00000230477eb710,
0x0000023047a74e40, 0x0000023047a801b0, 0x0000023047aec600, 0x0000023047e673f0,
0x0000023047eacdb0, 0x0000023048276ee0, 0x00000230482761c0, 0x0000023048277570,
0x00000230482740f0, 0x0000023048274780, 0x000002304f194d20, 0x000002304f197480,
0x000002304f196760, 0x000002304f192c50, 0x000002304f1953b0, 0x000002304f194000,
0x000002304f194690, 0x000002304f193970, 0x000002304f1925c0, 0x000002304f191f30,
0x000002304f1932e0, 0x000002304f1904f0, 0x000002304f197b10, 0x000002304f190b80,
0x000002304f195a40, 0x00000230478dc7a0
}

Java Threads: ( => current thread )
  0x0000023042adcd30 JavaThread "Reference Handler"          daemon [_thread_blocked, id=14692, stack(0x0000008d19500000,0x0000008d19600000) (1024K)]
  0x0000023042a88f20 JavaThread "Finalizer"                  daemon [_thread_blocked, id=14708, stack(0x0000008d19600000,0x0000008d19700000) (1024K)]
  0x0000023042a89eb0 JavaThread "Signal Dispatcher"          daemon [_thread_blocked, id=14684, stack(0x0000008d19700000,0x0000008d19800000) (1024K)]
  0x0000023042a8ad10 JavaThread "Attach Listener"            daemon [_thread_blocked, id=14664, stack(0x0000008d19800000,0x0000008d19900000) (1024K)]
  0x0000023042a8dbe0 JavaThread "Service Thread"             daemon [_thread_blocked, id=14700, stack(0x0000008d19900000,0x0000008d19a00000) (1024K)]
  0x0000023042abe8c0 JavaThread "Monitor Deflation Thread"   daemon [_thread_blocked, id=14720, stack(0x0000008d19a00000,0x0000008d19b00000) (1024K)]
=>0x0000023042abf320 JavaThread "C1 CompilerThread0"         daemon [_thread_in_vm, id=14680, stack(0x0000008d19b00000,0x0000008d19c00000) (1024K)]
  0x0000023042bd6ad0 JavaThread "Common-Cleaner"             daemon [_thread_blocked, id=14792, stack(0x0000008d19c00000,0x0000008d19d00000) (1024K)]
  0x0000023042d1a840 JavaThread "JDWP Transport Listener: dt_socket" daemon [_thread_blocked, id=6456, stack(0x0000008d19f00000,0x0000008d1a000000) (1024K)]
  0x0000023042d36780 JavaThread "JDWP Event Helper Thread"   daemon [_thread_blocked, id=13660, stack(0x0000008d1a000000,0x0000008d1a100000) (1024K)]
  0x0000023042d3cf30 JavaThread "JDWP Command Reader"        daemon [_thread_in_native, id=9316, stack(0x0000008d1a100000,0x0000008d1a200000) (1024K)]
  0x00000230477eb710 JavaThread "Notification Thread"        daemon [_thread_blocked, id=5652, stack(0x0000008d1a200000,0x0000008d1a300000) (1024K)]
  0x0000023047a74e40 JavaThread "RMI TCP Accept-0"           daemon [_thread_in_native, id=10212, stack(0x0000008d1ac00000,0x0000008d1ad00000) (1024K)]
  0x0000023047a801b0 JavaThread "RMI TCP Accept-50419"       daemon [_thread_in_native, id=10396, stack(0x0000008d1ad00000,0x0000008d1ae00000) (1024K)]
  0x0000023047aec600 JavaThread "RMI TCP Accept-0"           daemon [_thread_in_native, id=7924, stack(0x0000008d1ae00000,0x0000008d1af00000) (1024K)]
  0x0000023047e673f0 JavaThread "RMI Scheduler(0)"           daemon [_thread_blocked, id=1828, stack(0x0000008d1b100000,0x0000008d1b200000) (1024K)]
  0x0000023047eacdb0 JavaThread "JMX server connection timeout 39" daemon [_thread_blocked, id=11304, stack(0x0000008d1b200000,0x0000008d1b300000) (1024K)]
  0x0000023048276ee0 JavaThread "Catalina-utility-1"                [_thread_blocked, id=9876, stack(0x0000008d1b800000,0x0000008d1b900000) (1024K)]
  0x00000230482761c0 JavaThread "Catalina-utility-2"                [_thread_blocked, id=8632, stack(0x0000008d1b900000,0x0000008d1ba00000) (1024K)]
  0x0000023048277570 JavaThread "container-0"                       [_thread_blocked, id=13368, stack(0x0000008d1ba00000,0x0000008d1bb00000) (1024K)]
  0x00000230482740f0 JavaThread "mysql-cj-abandoned-connection-cleanup" daemon [_thread_blocked, id=14412, stack(0x0000008d1bb00000,0x0000008d1bc00000) (1024K)]
  0x0000023048274780 JavaThread "HikariPool-1 housekeeper"   daemon [_thread_blocked, id=9340, stack(0x0000008d1bd00000,0x0000008d1be00000) (1024K)]
  0x000002304f194d20 JavaThread "File Watcher"               daemon [_thread_blocked, id=4696, stack(0x0000008d1bf00000,0x0000008d1c000000) (1024K)]
  0x000002304f197480 JavaThread "Live Reload Server"         daemon [_thread_in_native, id=9104, stack(0x0000008d1c100000,0x0000008d1c200000) (1024K)]
  0x000002304f196760 JavaThread "http-nio-8080-exec-1"       daemon [_thread_blocked, id=7996, stack(0x0000008d1c000000,0x0000008d1c100000) (1024K)]
  0x000002304f192c50 JavaThread "http-nio-8080-exec-2"       daemon [_thread_blocked, id=6052, stack(0x0000008d1c200000,0x0000008d1c300000) (1024K)]
  0x000002304f1953b0 JavaThread "http-nio-8080-exec-3"       daemon [_thread_blocked, id=11180, stack(0x0000008d1c300000,0x0000008d1c400000) (1024K)]
  0x000002304f194000 JavaThread "http-nio-8080-exec-4"       daemon [_thread_blocked, id=10112, stack(0x0000008d1c400000,0x0000008d1c500000) (1024K)]
  0x000002304f194690 JavaThread "http-nio-8080-exec-5"       daemon [_thread_blocked, id=7664, stack(0x0000008d1c500000,0x0000008d1c600000) (1024K)]
  0x000002304f193970 JavaThread "http-nio-8080-exec-6"       daemon [_thread_blocked, id=7916, stack(0x0000008d1c600000,0x0000008d1c700000) (1024K)]
  0x000002304f1925c0 JavaThread "http-nio-8080-exec-7"       daemon [_thread_blocked, id=5900, stack(0x0000008d1c700000,0x0000008d1c800000) (1024K)]
  0x000002304f191f30 JavaThread "http-nio-8080-exec-8"       daemon [_thread_blocked, id=10252, stack(0x0000008d1c800000,0x0000008d1c900000) (1024K)]
  0x000002304f1932e0 JavaThread "http-nio-8080-exec-9"       daemon [_thread_blocked, id=4068, stack(0x0000008d1c900000,0x0000008d1ca00000) (1024K)]
  0x000002304f1904f0 JavaThread "http-nio-8080-exec-10"      daemon [_thread_blocked, id=3852, stack(0x0000008d1ca00000,0x0000008d1cb00000) (1024K)]
  0x000002304f197b10 JavaThread "http-nio-8080-Poller"       daemon [_thread_in_native, id=14712, stack(0x0000008d1cb00000,0x0000008d1cc00000) (1024K)]
  0x000002304f190b80 JavaThread "http-nio-8080-Acceptor"     daemon [_thread_in_native, id=1740, stack(0x0000008d1cc00000,0x0000008d1cd00000) (1024K)]
  0x000002304f195a40 JavaThread "DestroyJavaVM"                     [_thread_blocked, id=2696, stack(0x0000008d18d00000,0x0000008d18e00000) (1024K)]
  0x00000230478dc7a0 JavaThread "RMI TCP Connection(12)-127.0.0.1" daemon [_thread_in_native, id=14716, stack(0x0000008d1d100000,0x0000008d1d200000) (1024K)]
Total: 38

Other Threads:
  0x00000230425d97c0 VMThread "VM Thread"                           [id=14676, stack(0x0000008d19400000,0x0000008d19500000) (1024K)]
  0x00000230425785a0 WatcherThread "VM Periodic Task Thread"        [id=14668, stack(0x0000008d19300000,0x0000008d19400000) (1024K)]
  0x0000023031836b30 WorkerThread "GC Thread#0"                     [id=14592, stack(0x0000008d18e00000,0x0000008d18f00000) (1024K)]
  0x00000230479d76a0 WorkerThread "GC Thread#1"                     [id=4988, stack(0x0000008d1a400000,0x0000008d1a500000) (1024K)]
  0x00000230479d7a40 WorkerThread "GC Thread#2"                     [id=3212, stack(0x0000008d1a500000,0x0000008d1a600000) (1024K)]
  0x00000230479d7de0 WorkerThread "GC Thread#3"                     [id=8588, stack(0x0000008d1a600000,0x0000008d1a700000) (1024K)]
  0x00000230479d8180 WorkerThread "GC Thread#4"                     [id=11696, stack(0x0000008d1a700000,0x0000008d1a800000) (1024K)]
  0x00000230479d8520 WorkerThread "GC Thread#5"                     [id=8644, stack(0x0000008d1a800000,0x0000008d1a900000) (1024K)]
  0x00000230479d88c0 WorkerThread "GC Thread#6"                     [id=11004, stack(0x0000008d1a900000,0x0000008d1aa00000) (1024K)]
  0x00000230479d8c60 WorkerThread "GC Thread#7"                     [id=10008, stack(0x0000008d1aa00000,0x0000008d1ab00000) (1024K)]
  0x00000230479d9000 WorkerThread "GC Thread#8"                     [id=6248, stack(0x0000008d1ab00000,0x0000008d1ac00000) (1024K)]
  0x0000023047e66d90 WorkerThread "GC Thread#9"                     [id=15028, stack(0x0000008d1b300000,0x0000008d1b400000) (1024K)]
  0x0000023031841140 ConcurrentGCThread "G1 Main Marker"            [id=14672, stack(0x0000008d18f00000,0x0000008d19000000) (1024K)]
  0x000002302f64d6a0 WorkerThread "G1 Conc#0"                       [id=10660, stack(0x0000008d19000000,0x0000008d19100000) (1024K)]
  0x0000023047e66650 WorkerThread "G1 Conc#1"                       [id=11116, stack(0x0000008d1b600000,0x0000008d1b700000) (1024K)]
  0x0000023047e65f10 WorkerThread "G1 Conc#2"                       [id=13780, stack(0x0000008d1b700000,0x0000008d1b800000) (1024K)]
  0x00000230424492e0 ConcurrentGCThread "G1 Refine#0"               [id=10900, stack(0x0000008d19100000,0x0000008d19200000) (1024K)]
  0x0000023042449d60 ConcurrentGCThread "G1 Service"                [id=14696, stack(0x0000008d19200000,0x0000008d19300000) (1024K)]
Total: 18

Threads with active compile tasks:
C1 CompilerThread0   255315 7329       1       sun.nio.ch.WEPollSelectorImpl::processEvents (152 bytes)
Total: 1

VM state: not at safepoint (normal execution)

VM Mutex/Monitor currently owned by a thread: None

OutOfMemory and StackOverflow Exception counts:
StackOverflowErrors=3
LinkageErrors=154

Heap address: 0x0000000684c00000, size: 6068 MB, Compressed Oops mode: Zero based, Oop shift amount: 3

CDS archive(s) not mapped
Compressed class space mapped at: 0x0000000800000000-0x0000000840000000, reserved size: 1073741824
Narrow klass base: 0x0000000800000000, Narrow klass shift: 0, Narrow klass range: 0x40000000

GC Precious Log:
 CardTable entry size: 512
 Card Set container configuration: InlinePtr #cards 4 size 8 Array Of Cards #cards 32 size 80 Howl #buckets 8 coarsen threshold 7372 Howl Bitmap #cards 1024 size 144 coarsen threshold 921 Card regions per heap region 1 cards per card region 8192
 CPUs: 12 total, 12 available
 Memory: 24259M
 Large Page Support: Disabled
 NUMA Support: Disabled
 Compressed Oops: Enabled (Zero based)
 Heap Region Size: 4M
 Heap Min Capacity: 8M
 Heap Initial Capacity: 380M
 Heap Max Capacity: 6068M
 Pre-touch: Disabled
 Parallel Workers: 10
 Concurrent Workers: 3
 Concurrent Refinement Workers: 10
 Periodic GC: Disabled

Heap:
 garbage-first heap   total 135168K, used 77177K [0x0000000684c00000, 0x0000000800000000)
  region size 4096K, 13 young (53248K), 2 survivors (8192K)
 Metaspace       used 88647K, committed 89536K, reserved 1179648K
  class space    used 11738K, committed 12160K, reserved 1048576K

Heap Regions: E=young(eden), S=young(survivor), O=old, HS=humongous(starts), HC=humongous(continues), CS=collection set, F=free, TAMS=top-at-mark-start, PB=parsable bottom
|   0|0x0000000684c00000, 0x0000000685000000, 0x0000000685000000|100%| O|  |TAMS 0x0000000684c00000| PB 0x0000000684c00000| Untracked 
|   1|0x0000000685000000, 0x0000000685400000, 0x0000000685400000|100%| O|  |TAMS 0x0000000685000000| PB 0x0000000685000000| Untracked 
|   2|0x0000000685400000, 0x0000000685800000, 0x0000000685800000|100%| O|  |TAMS 0x0000000685400000| PB 0x0000000685400000| Untracked 
|   3|0x0000000685800000, 0x0000000685c00000, 0x0000000685c00000|100%| O|  |TAMS 0x0000000685800000| PB 0x0000000685800000| Untracked 
|   4|0x0000000685c00000, 0x0000000686000000, 0x0000000686000000|100%| O|  |TAMS 0x0000000685c00000| PB 0x0000000685c00000| Untracked 
|   5|0x0000000686000000, 0x0000000686400000, 0x0000000686400000|100%| O|  |TAMS 0x0000000686000000| PB 0x0000000686000000| Untracked 
|   6|0x0000000686400000, 0x0000000686800000, 0x0000000686800000|100%| O|  |TAMS 0x0000000686400000| PB 0x0000000686400000| Untracked 
|   7|0x0000000686800000, 0x0000000686aca000, 0x0000000686c00000| 69%| O|  |TAMS 0x0000000686800000| PB 0x0000000686800000| Untracked 
|   8|0x0000000686c00000, 0x0000000686c00000, 0x0000000687000000|  0%| F|  |TAMS 0x0000000686c00000| PB 0x0000000686c00000| Untracked 
|   9|0x0000000687000000, 0x0000000687000000, 0x0000000687400000|  0%| F|  |TAMS 0x0000000687000000| PB 0x0000000687000000| Untracked 
|  10|0x0000000687400000, 0x0000000687400000, 0x0000000687800000|  0%| F|  |TAMS 0x0000000687400000| PB 0x0000000687400000| Untracked 
|  11|0x0000000687800000, 0x0000000687800000, 0x0000000687c00000|  0%| F|  |TAMS 0x0000000687800000| PB 0x0000000687800000| Untracked 
|  12|0x0000000687c00000, 0x0000000687c94410, 0x0000000688000000| 14%| S|CS|TAMS 0x0000000687c00000| PB 0x0000000687c00000| Complete 
|  13|0x0000000688000000, 0x0000000688000000, 0x0000000688400000|  0%| F|  |TAMS 0x0000000688000000| PB 0x0000000688000000| Untracked 
|  14|0x0000000688400000, 0x0000000688800000, 0x0000000688800000|100%| S|CS|TAMS 0x0000000688400000| PB 0x0000000688400000| Complete 
|  15|0x0000000688800000, 0x0000000688800000, 0x0000000688c00000|  0%| F|  |TAMS 0x0000000688800000| PB 0x0000000688800000| Untracked 
|  16|0x0000000688c00000, 0x0000000688c00000, 0x0000000689000000|  0%| F|  |TAMS 0x0000000688c00000| PB 0x0000000688c00000| Untracked 
|  17|0x0000000689000000, 0x0000000689000000, 0x0000000689400000|  0%| F|  |TAMS 0x0000000689000000| PB 0x0000000689000000| Untracked 
|  18|0x0000000689400000, 0x0000000689400000, 0x0000000689800000|  0%| F|  |TAMS 0x0000000689400000| PB 0x0000000689400000| Untracked 
|  19|0x0000000689800000, 0x0000000689800000, 0x0000000689c00000|  0%| F|  |TAMS 0x0000000689800000| PB 0x0000000689800000| Untracked 
|  20|0x0000000689c00000, 0x0000000689c00000, 0x000000068a000000|  0%| F|  |TAMS 0x0000000689c00000| PB 0x0000000689c00000| Untracked 
|  21|0x000000068a000000, 0x000000068a000000, 0x000000068a400000|  0%| F|  |TAMS 0x000000068a000000| PB 0x000000068a000000| Untracked 
|  22|0x000000068a400000, 0x000000068a53ddb0, 0x000000068a800000| 31%| E|  |TAMS 0x000000068a400000| PB 0x000000068a400000| Complete 
|  23|0x000000068a800000, 0x000000068ac00000, 0x000000068ac00000|100%| E|CS|TAMS 0x000000068a800000| PB 0x000000068a800000| Complete 
|  24|0x000000068ac00000, 0x000000068b000000, 0x000000068b000000|100%| E|CS|TAMS 0x000000068ac00000| PB 0x000000068ac00000| Complete 
|  25|0x000000068b000000, 0x000000068b400000, 0x000000068b400000|100%| E|CS|TAMS 0x000000068b000000| PB 0x000000068b000000| Complete 
|  26|0x000000068b400000, 0x000000068b800000, 0x000000068b800000|100%| E|CS|TAMS 0x000000068b400000| PB 0x000000068b400000| Complete 
|  27|0x000000068b800000, 0x000000068bc00000, 0x000000068bc00000|100%| E|CS|TAMS 0x000000068b800000| PB 0x000000068b800000| Complete 
|  28|0x000000068bc00000, 0x000000068c000000, 0x000000068c000000|100%| E|CS|TAMS 0x000000068bc00000| PB 0x000000068bc00000| Complete 
|  29|0x000000068c000000, 0x000000068c400000, 0x000000068c400000|100%| E|CS|TAMS 0x000000068c000000| PB 0x000000068c000000| Complete 
|  30|0x000000068c400000, 0x000000068c800000, 0x000000068c800000|100%| E|CS|TAMS 0x000000068c400000| PB 0x000000068c400000| Complete 
|  31|0x000000068c800000, 0x000000068cc00000, 0x000000068cc00000|100%| E|CS|TAMS 0x000000068c800000| PB 0x000000068c800000| Complete 
|  94|0x000000069c400000, 0x000000069c800000, 0x000000069c800000|100%| E|CS|TAMS 0x000000069c400000| PB 0x000000069c400000| Complete 

Card table byte_map: [0x00000230392c0000,0x0000023039ea0000] _byte_map_base: 0x0000023035e9a000

Marking Bits: (CMBitMap*) 0x0000023031837230
 Bits: [0x0000023039ea0000, 0x000002303fd70000)

Polling page: 0x0000023030f60000

Metaspace:

Usage:
  Non-class:     75.11 MB used.
      Class:     11.46 MB used.
       Both:     86.57 MB used.

Virtual space:
  Non-class space:      128.00 MB reserved,      75.56 MB ( 59%) committed,  2 nodes.
      Class space:        1.00 GB reserved,      11.88 MB (  1%) committed,  1 nodes.
             Both:        1.12 GB reserved,      87.44 MB (  8%) committed. 

Chunk freelists:
   Non-Class:  4.41 MB
       Class:  4.00 MB
        Both:  8.41 MB

MaxMetaspaceSize: unlimited
CompressedClassSpaceSize: 1.00 GB
Initial GC threshold: 21.00 MB
Current GC threshold: 98.06 MB
CDS: off
 - commit_granule_bytes: 65536.
 - commit_granule_words: 8192.
 - virtual_space_node_default_size: 8388608.
 - enlarge_chunks_in_place: 1.
 - use_allocation_guard: 0.


Internal statistics:

num_allocs_failed_limit: 9.
num_arena_births: 1170.
num_arena_deaths: 0.
num_vsnodes_births: 3.
num_vsnodes_deaths: 0.
num_space_committed: 1399.
num_space_uncommitted: 0.
num_chunks_returned_to_freelist: 9.
num_chunks_taken_from_freelist: 3880.
num_chunk_merges: 6.
num_chunk_splits: 2798.
num_chunks_enlarged: 2129.
num_inconsistent_stats: 0.

CodeCache: size=49152Kb used=14014Kb max_used=15389Kb free=35137Kb
 bounds [0x00000230352a0000, 0x00000230361b0000, 0x00000230382a0000]
 total_blobs=8024 nmethods=7271 adapters=676
 compilation: enabled
              stopped_count=0, restarted_count=0
 full_count=0

Compilation events (20 events):
Event: 206.762 Thread 0x0000023042bc6ef0 nmethod 7318 0x0000023035681490 code [0x00000230356816a0, 0x0000023035681af8]
Event: 206.764 Thread 0x0000023042bc6ef0 7319       1       java.lang.String::getBytes (25 bytes)
Event: 206.764 Thread 0x0000023042bc6ef0 nmethod 7319 0x0000023035681010 code [0x00000230356811c0, 0x0000023035681370]
Event: 206.771 Thread 0x0000023042abf320 7320       1       java.lang.invoke.LambdaForm$MH/0x00000008002a1800::invoke (126 bytes)
Event: 206.771 Thread 0x0000023042bc6ef0 7321       1       java.lang.invoke.LambdaForm$MH/0x00000008002a1000::invoke (67 bytes)
Event: 206.771 Thread 0x0000023042bc6ef0 nmethod 7321 0x0000023035680910 code [0x0000023035680ae0, 0x0000023035680d68]
Event: 206.771 Thread 0x0000023042bc6ef0 7322       1       java.lang.invoke.LambdaForm$MH/0x0000000800299c00::invoke (47 bytes)
Event: 206.771 Thread 0x0000023042abf320 nmethod 7320 0x000002303567fe10 code [0x0000023035680020, 0x0000023035680428]
Event: 206.771 Thread 0x0000023042bc6ef0 nmethod 7322 0x000002303567f810 code [0x000002303567f9e0, 0x000002303567fc08]
Event: 206.775 Thread 0x0000023042bc6ef0 7323       1       java.nio.channels.spi.AbstractSelector::begin (48 bytes)
Event: 206.776 Thread 0x0000023042bc6ef0 nmethod 7323 0x000002303567f010 code [0x000002303567f1e0, 0x000002303567f610]
Event: 213.537 Thread 0x0000023042abf320 7324       1       java.util.Date::<init> (8 bytes)
Event: 213.538 Thread 0x0000023042abf320 nmethod 7324 0x000002303567ed10 code [0x000002303567eea0, 0x000002303567ef88]
Event: 223.375 Thread 0x0000023042abf320 7325       1       org.apache.catalina.webresources.Cache$$Lambda/0x0000000800be60a8::applyAsLong (8 bytes)
Event: 223.375 Thread 0x0000023042abf320 nmethod 7325 0x000002303567e990 code [0x000002303567eb20, 0x000002303567ec30]
Event: 223.375 Thread 0x0000023042abf320 7326       1       java.util.TreeSet::iterator (15 bytes)
Event: 223.375 Thread 0x0000023042abf320 nmethod 7326 0x000002303567e610 code [0x000002303567e7c0, 0x000002303567e8f0]
Event: 253.399 Thread 0x0000023042abf320 7327       1       java.util.HashMap::valuesToArray (81 bytes)
Event: 253.400 Thread 0x0000023042abf320 nmethod 7327 0x000002303567e010 code [0x000002303567e1c0, 0x000002303567e438]
Event: 255.281 Thread 0x0000023042abf320 7329       1       sun.nio.ch.WEPollSelectorImpl::processEvents (152 bytes)

GC Heap History (20 events):
Event: 4.797 GC heap before
{Heap before GC invocations=16 (full 0):
 garbage-first heap   total 110592K, used 84299K [0x0000000684c00000, 0x0000000800000000)
  region size 4096K, 16 young (65536K), 2 survivors (8192K)
 Metaspace       used 75925K, committed 76544K, reserved 1179648K
  class space    used 9835K, committed 10112K, reserved 1048576K
}
Event: 4.802 GC heap after
{Heap after GC invocations=17 (full 0):
 garbage-first heap   total 110592K, used 28798K [0x0000000684c00000, 0x0000000800000000)
  region size 4096K, 1 young (4096K), 1 survivors (4096K)
 Metaspace       used 75925K, committed 76544K, reserved 1179648K
  class space    used 9835K, committed 10112K, reserved 1048576K
}
Event: 5.172 GC heap before
{Heap before GC invocations=17 (full 0):
 garbage-first heap   total 110592K, used 90238K [0x0000000684c00000, 0x0000000800000000)
  region size 4096K, 16 young (65536K), 1 survivors (4096K)
 Metaspace       used 80397K, committed 81152K, reserved 1179648K
  class space    used 10535K, committed 10880K, reserved 1048576K
}
Event: 5.178 GC heap after
{Heap after GC invocations=18 (full 0):
 garbage-first heap   total 135168K, used 32044K [0x0000000684c00000, 0x0000000800000000)
  region size 4096K, 2 young (8192K), 2 survivors (8192K)
 Metaspace       used 80397K, committed 81152K, reserved 1179648K
  class space    used 10535K, committed 10880K, reserved 1048576K
}
Event: 12.182 GC heap before
{Heap before GC invocations=18 (full 0):
 garbage-first heap   total 135168K, used 97580K [0x0000000684c00000, 0x0000000800000000)
  region size 4096K, 19 young (77824K), 2 survivors (8192K)
 Metaspace       used 84120K, committed 84992K, reserved 1179648K
  class space    used 11074K, committed 11456K, reserved 1048576K
}
Event: 12.190 GC heap after
{Heap after GC invocations=19 (full 0):
 garbage-first heap   total 135168K, used 35179K [0x0000000684c00000, 0x0000000800000000)
  region size 4096K, 3 young (12288K), 3 survivors (12288K)
 Metaspace       used 84120K, committed 84992K, reserved 1179648K
  class space    used 11074K, committed 11456K, reserved 1048576K
}
Event: 24.382 GC heap before
{Heap before GC invocations=19 (full 0):
 garbage-first heap   total 135168K, used 96619K [0x0000000684c00000, 0x0000000800000000)
  region size 4096K, 19 young (77824K), 3 survivors (12288K)
 Metaspace       used 88255K, committed 89152K, reserved 1179648K
  class space    used 11680K, committed 12096K, reserved 1048576K
}
Event: 24.392 GC heap after
{Heap after GC invocations=20 (full 0):
 garbage-first heap   total 135168K, used 36610K [0x0000000684c00000, 0x0000000800000000)
  region size 4096K, 2 young (8192K), 2 survivors (8192K)
 Metaspace       used 88255K, committed 89152K, reserved 1179648K
  class space    used 11680K, committed 12096K, reserved 1048576K
}
Event: 56.930 GC heap before
{Heap before GC invocations=20 (full 0):
 garbage-first heap   total 135168K, used 106242K [0x0000000684c00000, 0x0000000800000000)
  region size 4096K, 19 young (77824K), 2 survivors (8192K)
 Metaspace       used 88595K, committed 89472K, reserved 1179648K
  class space    used 11731K, committed 12160K, reserved 1048576K
}
Event: 56.939 GC heap after
{Heap after GC invocations=21 (full 0):
 garbage-first heap   total 135168K, used 36730K [0x0000000684c00000, 0x0000000800000000)
  region size 4096K, 2 young (8192K), 2 survivors (8192K)
 Metaspace       used 88595K, committed 89472K, reserved 1179648K
  class space    used 11731K, committed 12160K, reserved 1048576K
}
Event: 91.348 GC heap before
{Heap before GC invocations=21 (full 0):
 garbage-first heap   total 135168K, used 106362K [0x0000000684c00000, 0x0000000800000000)
  region size 4096K, 19 young (77824K), 2 survivors (8192K)
 Metaspace       used 88597K, committed 89472K, reserved 1179648K
  class space    used 11731K, committed 12160K, reserved 1048576K
}
Event: 91.353 GC heap after
{Heap after GC invocations=22 (full 0):
 garbage-first heap   total 135168K, used 36112K [0x0000000684c00000, 0x0000000800000000)
  region size 4096K, 2 young (8192K), 2 survivors (8192K)
 Metaspace       used 88597K, committed 89472K, reserved 1179648K
  class space    used 11731K, committed 12160K, reserved 1048576K
}
Event: 125.931 GC heap before
{Heap before GC invocations=22 (full 0):
 garbage-first heap   total 135168K, used 105744K [0x0000000684c00000, 0x0000000800000000)
  region size 4096K, 19 young (77824K), 2 survivors (8192K)
 Metaspace       used 88598K, committed 89472K, reserved 1179648K
  class space    used 11731K, committed 12160K, reserved 1048576K
}
Event: 125.938 GC heap after
{Heap after GC invocations=23 (full 0):
 garbage-first heap   total 135168K, used 36754K [0x0000000684c00000, 0x0000000800000000)
  region size 4096K, 2 young (8192K), 2 survivors (8192K)
 Metaspace       used 88598K, committed 89472K, reserved 1179648K
  class space    used 11731K, committed 12160K, reserved 1048576K
}
Event: 161.976 GC heap before
{Heap before GC invocations=23 (full 0):
 garbage-first heap   total 135168K, used 106386K [0x0000000684c00000, 0x0000000800000000)
  region size 4096K, 19 young (77824K), 2 survivors (8192K)
 Metaspace       used 88598K, committed 89472K, reserved 1179648K
  class space    used 11731K, committed 12160K, reserved 1048576K
}
Event: 161.983 GC heap after
{Heap after GC invocations=24 (full 0):
 garbage-first heap   total 135168K, used 35624K [0x0000000684c00000, 0x0000000800000000)
  region size 4096K, 1 young (4096K), 1 survivors (4096K)
 Metaspace       used 88598K, committed 89472K, reserved 1179648K
  class space    used 11731K, committed 12160K, reserved 1048576K
}
Event: 199.564 GC heap before
{Heap before GC invocations=24 (full 0):
 garbage-first heap   total 135168K, used 109352K [0x0000000684c00000, 0x0000000800000000)
  region size 4096K, 19 young (77824K), 1 survivors (4096K)
 Metaspace       used 88598K, committed 89472K, reserved 1179648K
  class space    used 11731K, committed 12160K, reserved 1048576K
}
Event: 199.570 GC heap after
{Heap after GC invocations=25 (full 0):
 garbage-first heap   total 135168K, used 35624K [0x0000000684c00000, 0x0000000800000000)
  region size 4096K, 1 young (4096K), 1 survivors (4096K)
 Metaspace       used 88598K, committed 89472K, reserved 1179648K
  class space    used 11731K, committed 12160K, reserved 1048576K
}
Event: 233.925 GC heap before
{Heap before GC invocations=25 (full 0):
 garbage-first heap   total 135168K, used 109352K [0x0000000684c00000, 0x0000000800000000)
  region size 4096K, 19 young (77824K), 1 survivors (4096K)
 Metaspace       used 88647K, committed 89536K, reserved 1179648K
  class space    used 11738K, committed 12160K, reserved 1048576K
}
Event: 233.931 GC heap after
{Heap after GC invocations=26 (full 0):
 garbage-first heap   total 135168K, used 36217K [0x0000000684c00000, 0x0000000800000000)
  region size 4096K, 2 young (8192K), 2 survivors (8192K)
 Metaspace       used 88647K, committed 89536K, reserved 1179648K
  class space    used 11738K, committed 12160K, reserved 1048576K
}

Dll operation events (12 events):
Event: 0.062 Loaded shared library D:\sts-4.23.1.RELEASE\plugins\org.eclipse.justj.openjdk.hotspot.jre.full.win32.x86_64_21.0.3.v20240426-1530\jre\bin\java.dll
Event: 0.065 Loaded shared library D:\sts-4.23.1.RELEASE\plugins\org.eclipse.justj.openjdk.hotspot.jre.full.win32.x86_64_21.0.3.v20240426-1530\jre\bin\zip.dll
Event: 0.373 Loaded shared library D:\sts-4.23.1.RELEASE\plugins\org.eclipse.justj.openjdk.hotspot.jre.full.win32.x86_64_21.0.3.v20240426-1530\jre\bin\instrument.dll
Event: 0.384 Loaded shared library D:\sts-4.23.1.RELEASE\plugins\org.eclipse.justj.openjdk.hotspot.jre.full.win32.x86_64_21.0.3.v20240426-1530\jre\bin\net.dll
Event: 0.384 Loaded shared library D:\sts-4.23.1.RELEASE\plugins\org.eclipse.justj.openjdk.hotspot.jre.full.win32.x86_64_21.0.3.v20240426-1530\jre\bin\nio.dll
Event: 0.390 Loaded shared library D:\sts-4.23.1.RELEASE\plugins\org.eclipse.justj.openjdk.hotspot.jre.full.win32.x86_64_21.0.3.v20240426-1530\jre\bin\zip.dll
Event: 1.085 Loaded shared library D:\sts-4.23.1.RELEASE\plugins\org.eclipse.justj.openjdk.hotspot.jre.full.win32.x86_64_21.0.3.v20240426-1530\jre\bin\jimage.dll
Event: 1.151 Loaded shared library D:\sts-4.23.1.RELEASE\plugins\org.eclipse.justj.openjdk.hotspot.jre.full.win32.x86_64_21.0.3.v20240426-1530\jre\bin\management.dll
Event: 1.190 Loaded shared library D:\sts-4.23.1.RELEASE\plugins\org.eclipse.justj.openjdk.hotspot.jre.full.win32.x86_64_21.0.3.v20240426-1530\jre\bin\management_ext.dll
Event: 1.404 Loaded shared library D:\sts-4.23.1.RELEASE\plugins\org.eclipse.justj.openjdk.hotspot.jre.full.win32.x86_64_21.0.3.v20240426-1530\jre\bin\extnet.dll
Event: 1.461 Loaded shared library D:\sts-4.23.1.RELEASE\plugins\org.eclipse.justj.openjdk.hotspot.jre.full.win32.x86_64_21.0.3.v20240426-1530\jre\bin\verify.dll
Event: 2.201 Loaded shared library D:\sts-4.23.1.RELEASE\plugins\org.eclipse.justj.openjdk.hotspot.jre.full.win32.x86_64_21.0.3.v20240426-1530\jre\bin\sunmscapi.dll

Deoptimization events (20 events):
Event: 206.776 Thread 0x000002304f197b10 DEOPT PACKING pc=0x0000023035a8282c sp=0x0000008d1cbfe620
Event: 206.776 Thread 0x000002304f197b10 DEOPT UNPACKING pc=0x00000230352f4e42 sp=0x0000008d1cbfdbe0 mode 1
Event: 206.776 Thread 0x000002304f197b10 DEOPT PACKING pc=0x0000023035a7efec sp=0x0000008d1cbfe3c0
Event: 206.776 Thread 0x000002304f197b10 DEOPT UNPACKING pc=0x00000230352f4e42 sp=0x0000008d1cbfd8f8 mode 1
Event: 206.776 Thread 0x000002304f197b10 DEOPT PACKING pc=0x0000023035a80374 sp=0x0000008d1cbfe4b0
Event: 206.776 Thread 0x000002304f197b10 DEOPT UNPACKING pc=0x00000230352f4e42 sp=0x0000008d1cbfda60 mode 1
Event: 206.776 Thread 0x000002304f197b10 DEOPT PACKING pc=0x0000023035a8282c sp=0x0000008d1cbfe620
Event: 206.776 Thread 0x000002304f197b10 DEOPT UNPACKING pc=0x00000230352f4e42 sp=0x0000008d1cbfdbe0 mode 1
Event: 206.776 Thread 0x000002304f197b10 DEOPT PACKING pc=0x0000023035a7efec sp=0x0000008d1cbfe3c0
Event: 206.776 Thread 0x000002304f197b10 DEOPT UNPACKING pc=0x00000230352f4e42 sp=0x0000008d1cbfd8f8 mode 1
Event: 206.776 Thread 0x000002304f197b10 DEOPT PACKING pc=0x0000023035a80374 sp=0x0000008d1cbfe4b0
Event: 206.776 Thread 0x000002304f197b10 DEOPT UNPACKING pc=0x00000230352f4e42 sp=0x0000008d1cbfda60 mode 1
Event: 206.776 Thread 0x000002304f197b10 DEOPT PACKING pc=0x0000023035a8282c sp=0x0000008d1cbfe620
Event: 206.776 Thread 0x000002304f197b10 DEOPT UNPACKING pc=0x00000230352f4e42 sp=0x0000008d1cbfdbe0 mode 1
Event: 206.776 Thread 0x000002304f197b10 DEOPT PACKING pc=0x0000023035a7efec sp=0x0000008d1cbfe3c0
Event: 206.776 Thread 0x000002304f197b10 DEOPT UNPACKING pc=0x00000230352f4e42 sp=0x0000008d1cbfd8f8 mode 1
Event: 206.776 Thread 0x000002304f197b10 DEOPT PACKING pc=0x0000023035a80374 sp=0x0000008d1cbfe4b0
Event: 206.776 Thread 0x000002304f197b10 DEOPT UNPACKING pc=0x00000230352f4e42 sp=0x0000008d1cbfda60 mode 1
Event: 206.776 Thread 0x000002304f197b10 DEOPT PACKING pc=0x0000023035a8282c sp=0x0000008d1cbfe620
Event: 206.776 Thread 0x000002304f197b10 DEOPT UNPACKING pc=0x00000230352f4e42 sp=0x0000008d1cbfdbe0 mode 1

Classes loaded (20 events):
Event: 12.144 Loading class sun/nio/cs/ThreadLocalCoders$1
Event: 12.144 Loading class sun/nio/cs/ThreadLocalCoders$Cache
Event: 12.144 Loading class sun/nio/cs/ThreadLocalCoders$Cache done
Event: 12.144 Loading class sun/nio/cs/ThreadLocalCoders$1 done
Event: 12.144 Loading class sun/nio/cs/ThreadLocalCoders$2
Event: 12.144 Loading class sun/nio/cs/ThreadLocalCoders$2 done
Event: 12.229 Loading class java/time/format/DateTimeFormatterBuilder$ZoneTextPrinterParser
Event: 12.229 Loading class java/time/format/DateTimeFormatterBuilder$ZoneTextPrinterParser done
Event: 12.229 Loading class java/time/format/DateTimeFormatterBuilder$ReducedPrinterParser
Event: 12.230 Loading class java/time/format/DateTimeFormatterBuilder$ReducedPrinterParser done
Event: 12.432 Loading class java/util/OptionalLong
Event: 12.432 Loading class java/util/OptionalLong done
Event: 12.432 Loading class java/util/OptionalDouble
Event: 12.432 Loading class java/util/OptionalDouble done
Event: 12.433 Loading class java/util/stream/LongStream
Event: 12.434 Loading class java/util/stream/LongStream done
Event: 12.434 Loading class java/util/stream/DoubleStream
Event: 12.434 Loading class java/util/stream/DoubleStream done
Event: 206.702 Loading class jdk/internal/loader/BootLoader$PackageHelper
Event: 206.703 Loading class jdk/internal/loader/BootLoader$PackageHelper done

Classes unloaded (0 events):
No events

Classes redefined (0 events):
No events

Internal exceptions (20 events):
Event: 4.991 Thread 0x0000023048276850 Exception <a 'java/io/FileNotFoundException'{0x00000006898560f0}> (0x00000006898560f0) 
thrown [s\src\hotspot\share\prims\jni.cpp, line 520]
Event: 4.991 Thread 0x0000023048276850 Exception <a 'java/io/FileNotFoundException'{0x0000000689860310}> (0x0000000689860310) 
thrown [s\src\hotspot\share\prims\jni.cpp, line 520]
Event: 5.031 Thread 0x0000023048276850 Exception <a 'java/lang/NoSuchMethodError'{0x00000006896540b8}: 'java.lang.Object java.lang.invoke.DirectMethodHandle$Holder.newInvokeSpecial(java.lang.Object, java.lang.Object, java.lang.Object, java.lang.Object, java.lang.Object, java.lang.Object, java.lang.Object, java.lang.Object)'> (0x00000006896540b8) 
thrown [s\src\hotspot\share\interpreter\linkResolver.cpp, line 773]
Event: 5.165 Thread 0x0000023048276850 Exception <a 'java/lang/IncompatibleClassChangeError'{0x0000000687e8ee40}: Found class java.lang.Object, but interface was expected> (0x0000000687e8ee40) 
thrown [s\src\hotspot\share\interpreter\linkResolver.cpp, line 840]
Event: 5.254 Thread 0x0000023048276850 Exception <a 'java/lang/NoSuchMethodError'{0x000000068c554e20}: 'void java.lang.invoke.DirectMethodHandle$Holder.invokeVirtual(java.lang.Object, java.lang.Object, long)'> (0x000000068c554e20) 
thrown [s\src\hotspot\share\interpreter\linkResolver.cpp, line 773]
Event: 5.262 Thread 0x0000023048276850 Exception <a 'java/lang/NoSuchMethodError'{0x000000068c6c3dd0}: 'java.lang.Object java.lang.invoke.DirectMethodHandle$Holder.invokeSpecial(java.lang.Object, java.lang.Object, int, int, int, int)'> (0x000000068c6c3dd0) 
thrown [s\src\hotspot\share\interpreter\linkResolver.cpp, line 773]
Event: 5.293 Thread 0x0000023048276850 Exception <a 'java/lang/NoSuchMethodError'{0x000000068bd603f0}: 'int java.lang.invoke.DirectMethodHandle$Holder.invokeStaticInit(java.lang.Object, java.lang.Object, java.lang.Object, java.lang.Object)'> (0x000000068bd603f0) 
thrown [s\src\hotspot\share\interpreter\linkResolver.cpp, line 773]
Event: 5.336 Thread 0x0000023048276850 Exception <a 'java/lang/IncompatibleClassChangeError'{0x000000068bb4dd80}: Found class java.lang.Object, but interface was expected> (0x000000068bb4dd80) 
thrown [s\src\hotspot\share\interpreter\linkResolver.cpp, line 840]
Event: 5.480 Thread 0x0000023048276850 Exception <a 'java/lang/NoSuchMethodError'{0x000000068affe5e8}: 'java.lang.Object java.lang.invoke.DirectMethodHandle$Holder.newInvokeSpecial(java.lang.Object, java.lang.Object, int, java.lang.Object, java.lang.Object)'> (0x000000068affe5e8) 
thrown [s\src\hotspot\share\interpreter\linkResolver.cpp, line 773]
Event: 5.762 Thread 0x0000023047e97920 Exception <a 'java/lang/NoSuchMethodError'{0x000000068a0fcaf0}: 'java.lang.Object java.lang.invoke.DirectMethodHandle$Holder.invokeInterface(java.lang.Object, java.lang.Object, java.lang.Object, java.lang.Object, java.lang.Object, java.lang.Object, java.lang.Object)'> (0x000000068a0fcaf0) 
thrown [s\src\hotspot\share\interpreter\linkResolver.cpp, line 773]
Event: 12.140 Thread 0x000002304f196760 Exception <a 'java/lang/NoSuchMethodError'{0x0000000689393b20}: 'java.lang.Object java.lang.invoke.DirectMethodHandle$Holder.invokeSpecial(java.lang.Object, java.lang.Object, java.lang.Object, java.lang.Object, java.lang.Object, long)'> (0x0000000689393b20) 
thrown [s\src\hotspot\share\interpreter\linkResolver.cpp, line 773]
Event: 12.140 Thread 0x000002304f196760 Exception <a 'java/lang/NoSuchMethodError'{0x00000006893972e0}: 'java.lang.Object java.lang.invoke.Invokers$Holder.linkToTargetMethod(java.lang.Object, java.lang.Object, java.lang.Object, long, java.lang.Object)'> (0x00000006893972e0) 
thrown [s\src\hotspot\share\interpreter\linkResolver.cpp, line 773]
Event: 12.360 Thread 0x000002304f196760 Exception <a 'java/lang/NoSuchMethodError'{0x000000068b4e50b0}: 'void java.lang.invoke.DirectMethodHandle$Holder.invokeSpecialIFC(java.lang.Object, java.lang.Object, int, java.lang.Object, java.lang.Object, java.lang.Object, java.lang.Object)'> (0x000000068b4e50b0) 
thrown [s\src\hotspot\share\interpreter\linkResolver.cpp, line 773]
Event: 12.425 Thread 0x000002304f196760 Exception <a 'java/lang/IncompatibleClassChangeError'{0x000000068ae778d8}: Found class java.lang.Object, but interface was expected> (0x000000068ae778d8) 
thrown [s\src\hotspot\share\interpreter\linkResolver.cpp, line 840]
Event: 24.505 Thread 0x000002304f1953b0 Exception <a 'java/lang/NoSuchMethodError'{0x000000069c501868}: 'int java.lang.invoke.DirectMethodHandle$Holder.invokeStatic(java.lang.Object, java.lang.Object, int, int)'> (0x000000069c501868) 
thrown [s\src\hotspot\share\interpreter\linkResolver.cpp, line 773]
Event: 25.019 Thread 0x000002304f1953b0 Exception <a 'java/lang/NoSuchMethodError'{0x000000069c760fe8}: 'java.lang.Object java.lang.invoke.DirectMethodHandle$Holder.invokeInterface(java.lang.Object, java.lang.Object, java.lang.Object, java.lang.Object)'> (0x000000069c760fe8) 
thrown [s\src\hotspot\share\interpreter\linkResolver.cpp, line 773]
Event: 25.638 Thread 0x000002304f1953b0 Exception <a 'java/lang/IncompatibleClassChangeError'{0x000000068ca95eb0}: Found class java.lang.Object, but interface was expected> (0x000000068ca95eb0) 
thrown [s\src\hotspot\share\interpreter\linkResolver.cpp, line 840]
Event: 29.120 Thread 0x000002304f1953b0 Exception <a 'java/lang/StackOverflowError'{0x000000068c128890}> (0x000000068c128890) 
thrown [s\src\hotspot\share\interpreter\interpreterRuntime.cpp, line 378]
Event: 57.310 Thread 0x000002304f194000 Exception <a 'java/lang/StackOverflowError'{0x000000069c52b600}> (0x000000069c52b600) 
thrown [s\src\hotspot\share\interpreter\interpreterRuntime.cpp, line 378]
Event: 74.436 Thread 0x000002304f194000 Exception <a 'java/lang/StackOverflowError'{0x000000068af27158}> (0x000000068af27158) 
thrown [s\src\hotspot\share\interpreter\interpreterRuntime.cpp, line 378]

ZGC Phase Switch (0 events):
No events

VM Operations (20 events):
Event: 197.507 Executing VM operation: Cleanup
Event: 197.507 Executing VM operation: Cleanup done
Event: 199.564 Executing VM operation: G1CollectForAllocation (G1 Evacuation Pause)
Event: 199.570 Executing VM operation: G1CollectForAllocation (G1 Evacuation Pause) done
Event: 201.585 Executing VM operation: Cleanup
Event: 201.585 Executing VM operation: Cleanup done
Event: 203.604 Executing VM operation: Cleanup
Event: 203.605 Executing VM operation: Cleanup done
Event: 206.638 Executing VM operation: Cleanup
Event: 206.638 Executing VM operation: Cleanup done
Event: 207.653 Executing VM operation: Cleanup
Event: 207.653 Executing VM operation: Cleanup done
Event: 213.725 Executing VM operation: Cleanup
Event: 213.725 Executing VM operation: Cleanup done
Event: 233.925 Executing VM operation: G1CollectForAllocation (G1 Evacuation Pause)
Event: 233.931 Executing VM operation: G1CollectForAllocation (G1 Evacuation Pause) done
Event: 240.705 Executing VM operation: HandshakeAllThreads (HandshakeForDeflation)
Event: 240.705 Executing VM operation: HandshakeAllThreads (HandshakeForDeflation) done
Event: 240.705 Executing VM operation: RendezvousGCThreads
Event: 240.705 Executing VM operation: RendezvousGCThreads done

Events (20 events):
Event: 5.761 Thread 0x00000230478dd4c0 Thread added: 0x00000230478dd4c0
Event: 5.764 Thread 0x00000230478dce30 Thread added: 0x00000230478dce30
Event: 5.766 Thread 0x0000023048275b30 Thread exited: 0x0000023048275b30
Event: 5.767 Thread 0x00000230478e1660 Thread added: 0x00000230478e1660
Event: 5.772 Thread 0x00000230478dd4c0 Thread exited: 0x00000230478dd4c0
Event: 6.800 Thread 0x00000230478dce30 Thread exited: 0x00000230478dce30
Event: 6.807 Thread 0x00000230478e1660 Thread exited: 0x00000230478e1660
Event: 9.111 Thread 0x0000023048274e10 Thread exited: 0x0000023048274e10
Event: 13.602 Thread 0x0000023042bc9100 Thread exited: 0x0000023042bc9100
Event: 18.615 Thread 0x0000023042bc75c0 Thread exited: 0x0000023042bc75c0
Event: 26.620 Thread 0x0000023042bc7c90 Thread exited: 0x0000023042bc7c90
Event: 91.583 Thread 0x000002304f1918a0 Thread exited: 0x000002304f1918a0
Event: 91.584 Thread 0x000002304f191210 Thread exited: 0x000002304f191210
Event: 91.584 Thread 0x000002304f1960d0 Thread exited: 0x000002304f1960d0
Event: 91.585 Thread 0x0000023047dce720 Thread exited: 0x0000023047dce720
Event: 91.598 Thread 0x000002304f196df0 Thread exited: 0x000002304f196df0
Event: 91.598 Thread 0x0000023048276850 Thread exited: 0x0000023048276850
Event: 91.598 Thread 0x0000023047e97920 Thread exited: 0x0000023047e97920
Event: 206.725 Thread 0x0000023042bc6ef0 Thread added: 0x0000023042bc6ef0
Event: 211.777 Thread 0x0000023042bc6ef0 Thread exited: 0x0000023042bc6ef0


Dynamic libraries:
0x00007ff7ec810000 - 0x00007ff7ec81e000 	D:\sts-4.23.1.RELEASE\plugins\org.eclipse.justj.openjdk.hotspot.jre.full.win32.x86_64_21.0.3.v20240426-1530\jre\bin\javaw.exe
0x00007fff4be50000 - 0x00007fff4c067000 	C:\Windows\SYSTEM32\ntdll.dll
0x00007fff4ae40000 - 0x00007fff4af04000 	C:\Windows\System32\KERNEL32.DLL
0x00007fff49720000 - 0x00007fff49ac6000 	C:\Windows\System32\KERNELBASE.dll
0x00007fff49190000 - 0x00007fff492a1000 	C:\Windows\System32\ucrtbase.dll
0x00007ffed9060000 - 0x00007ffed9078000 	D:\sts-4.23.1.RELEASE\plugins\org.eclipse.justj.openjdk.hotspot.jre.full.win32.x86_64_21.0.3.v20240426-1530\jre\bin\jli.dll
0x00007fff4a9b0000 - 0x00007fff4ab5e000 	C:\Windows\System32\USER32.dll
0x00007fff49ad0000 - 0x00007fff49af6000 	C:\Windows\System32\win32u.dll
0x00007fff49e00000 - 0x00007fff49e29000 	C:\Windows\System32\GDI32.dll
0x00007fff49490000 - 0x00007fff495a8000 	C:\Windows\System32\gdi32full.dll
0x00007fff49b00000 - 0x00007fff49b9a000 	C:\Windows\System32\msvcp_win.dll
0x00007ffed7fe0000 - 0x00007ffed7ffb000 	D:\sts-4.23.1.RELEASE\plugins\org.eclipse.justj.openjdk.hotspot.jre.full.win32.x86_64_21.0.3.v20240426-1530\jre\bin\VCRUNTIME140.dll
0x00007fff48660000 - 0x00007fff488f3000 	C:\Windows\WinSxS\amd64_microsoft.windows.common-controls_6595b64144ccf1df_6.0.22621.2506_none_270c5ae97388e100\COMCTL32.dll
0x00007fff4bc40000 - 0x00007fff4bce7000 	C:\Windows\System32\msvcrt.dll
0x00007fff4ab60000 - 0x00007fff4ab91000 	C:\Windows\System32\IMM32.DLL
0x00007ffedb6d0000 - 0x00007ffedb6dc000 	D:\sts-4.23.1.RELEASE\plugins\org.eclipse.justj.openjdk.hotspot.jre.full.win32.x86_64_21.0.3.v20240426-1530\jre\bin\vcruntime140_1.dll
0x00007ffed7f50000 - 0x00007ffed7fde000 	D:\sts-4.23.1.RELEASE\plugins\org.eclipse.justj.openjdk.hotspot.jre.full.win32.x86_64_21.0.3.v20240426-1530\jre\bin\msvcp140.dll
0x00007ffed71c0000 - 0x00007ffed7f42000 	D:\sts-4.23.1.RELEASE\plugins\org.eclipse.justj.openjdk.hotspot.jre.full.win32.x86_64_21.0.3.v20240426-1530\jre\bin\server\jvm.dll
0x00007fff4b130000 - 0x00007fff4b1e3000 	C:\Windows\System32\ADVAPI32.dll
0x00007fff4b250000 - 0x00007fff4b2f8000 	C:\Windows\System32\sechost.dll
0x00007fff495b0000 - 0x00007fff495d8000 	C:\Windows\System32\bcrypt.dll
0x00007fff4bcf0000 - 0x00007fff4be07000 	C:\Windows\System32\RPCRT4.dll
0x00007fff4af10000 - 0x00007fff4af81000 	C:\Windows\System32\WS2_32.dll
0x00007fff49060000 - 0x00007fff490ad000 	C:\Windows\SYSTEM32\POWRPROF.dll
0x00007fff47780000 - 0x00007fff4778a000 	C:\Windows\SYSTEM32\VERSION.dll
0x00007fff40a40000 - 0x00007fff40a74000 	C:\Windows\SYSTEM32\WINMM.dll
0x00007fff48f90000 - 0x00007fff48fa3000 	C:\Windows\SYSTEM32\UMPDC.dll
0x00007fff472a0000 - 0x00007fff472b8000 	C:\Windows\SYSTEM32\kernel.appcore.dll
0x00007ffedb970000 - 0x00007ffedb97a000 	D:\sts-4.23.1.RELEASE\plugins\org.eclipse.justj.openjdk.hotspot.jre.full.win32.x86_64_21.0.3.v20240426-1530\jre\bin\jimage.dll
0x00007fff48a10000 - 0x00007fff48c43000 	C:\Windows\SYSTEM32\DBGHELP.DLL
0x00007fff4a320000 - 0x00007fff4a6a9000 	C:\Windows\System32\combase.dll
0x00007fff4bb60000 - 0x00007fff4bc37000 	C:\Windows\System32\OLEAUT32.dll
0x00007fff48900000 - 0x00007fff48932000 	C:\Windows\SYSTEM32\dbgcore.DLL
0x00007fff495e0000 - 0x00007fff4965a000 	C:\Windows\System32\bcryptPrimitives.dll
0x00007fff37a00000 - 0x00007fff37a3c000 	D:\sts-4.23.1.RELEASE\plugins\org.eclipse.justj.openjdk.hotspot.jre.full.win32.x86_64_21.0.3.v20240426-1530\jre\bin\jdwp.dll
0x00007fff38820000 - 0x00007fff3882f000 	D:\sts-4.23.1.RELEASE\plugins\org.eclipse.justj.openjdk.hotspot.jre.full.win32.x86_64_21.0.3.v20240426-1530\jre\bin\instrument.dll
0x00007ffedb950000 - 0x00007ffedb96f000 	D:\sts-4.23.1.RELEASE\plugins\org.eclipse.justj.openjdk.hotspot.jre.full.win32.x86_64_21.0.3.v20240426-1530\jre\bin\java.dll
0x00007ffedb930000 - 0x00007ffedb948000 	D:\sts-4.23.1.RELEASE\plugins\org.eclipse.justj.openjdk.hotspot.jre.full.win32.x86_64_21.0.3.v20240426-1530\jre\bin\zip.dll
0x00007fff4b300000 - 0x00007fff4bb5b000 	C:\Windows\System32\SHELL32.dll
0x00007fff461d0000 - 0x00007fff46ac6000 	C:\Windows\SYSTEM32\windows.storage.dll
0x00007fff46090000 - 0x00007fff461ce000 	C:\Windows\SYSTEM32\wintypes.dll
0x00007fff4a720000 - 0x00007fff4a813000 	C:\Windows\System32\SHCORE.dll
0x00007fff4a6c0000 - 0x00007fff4a71e000 	C:\Windows\System32\shlwapi.dll
0x00007fff490c0000 - 0x00007fff490e6000 	C:\Windows\SYSTEM32\profapi.dll
0x00007fff38780000 - 0x00007fff3878b000 	D:\sts-4.23.1.RELEASE\plugins\org.eclipse.justj.openjdk.hotspot.jre.full.win32.x86_64_21.0.3.v20240426-1530\jre\bin\dt_socket.dll
0x00007fff46d30000 - 0x00007fff46d5d000 	C:\Windows\SYSTEM32\IPHLPAPI.DLL
0x00007fff47690000 - 0x00007fff476f9000 	C:\Windows\system32\mswsock.dll
0x00007fff46da0000 - 0x00007fff46e99000 	C:\Windows\SYSTEM32\DNSAPI.dll
0x00007fff49e90000 - 0x00007fff49e99000 	C:\Windows\System32\NSI.dll
0x00007fff41910000 - 0x00007fff4191a000 	C:\Windows\System32\rasadhlp.dll
0x00007fff40d60000 - 0x00007fff40de3000 	C:\Windows\System32\fwpuclnt.dll
0x00007fff1fbe0000 - 0x00007fff1fbf0000 	D:\sts-4.23.1.RELEASE\plugins\org.eclipse.justj.openjdk.hotspot.jre.full.win32.x86_64_21.0.3.v20240426-1530\jre\bin\net.dll
0x00007fff42c60000 - 0x00007fff42d97000 	C:\Windows\SYSTEM32\WINHTTP.dll
0x00007ffedb910000 - 0x00007ffedb926000 	D:\sts-4.23.1.RELEASE\plugins\org.eclipse.justj.openjdk.hotspot.jre.full.win32.x86_64_21.0.3.v20240426-1530\jre\bin\nio.dll
0x00007fff11350000 - 0x00007fff1135a000 	D:\sts-4.23.1.RELEASE\plugins\org.eclipse.justj.openjdk.hotspot.jre.full.win32.x86_64_21.0.3.v20240426-1530\jre\bin\management.dll
0x00007ffeef700000 - 0x00007ffeef70b000 	D:\sts-4.23.1.RELEASE\plugins\org.eclipse.justj.openjdk.hotspot.jre.full.win32.x86_64_21.0.3.v20240426-1530\jre\bin\management_ext.dll
0x00007fff49c30000 - 0x00007fff49c38000 	C:\Windows\System32\PSAPI.DLL
0x00007fff26280000 - 0x00007fff26297000 	C:\Windows\system32\napinsp.dll
0x00007fff29b70000 - 0x00007fff29b8b000 	C:\Windows\system32\pnrpnsp.dll
0x00007fff26260000 - 0x00007fff26271000 	C:\Windows\System32\winrnr.dll
0x00007fff26240000 - 0x00007fff26255000 	C:\Windows\system32\wshbth.dll
0x00007fff26210000 - 0x00007fff26231000 	C:\Windows\system32\nlansp_c.dll
0x00007fff48d40000 - 0x00007fff48d5b000 	C:\Windows\SYSTEM32\CRYPTSP.dll
0x00007fff47200000 - 0x00007fff47235000 	C:\Windows\system32\rsaenh.dll
0x00007fff47790000 - 0x00007fff477bc000 	C:\Windows\SYSTEM32\USERENV.dll
0x00007fff47950000 - 0x00007fff4795c000 	C:\Windows\SYSTEM32\CRYPTBASE.dll
0x00007ffedb6e0000 - 0x00007ffedb6e9000 	D:\sts-4.23.1.RELEASE\plugins\org.eclipse.justj.openjdk.hotspot.jre.full.win32.x86_64_21.0.3.v20240426-1530\jre\bin\extnet.dll
0x00007ffedb850000 - 0x00007ffedb860000 	D:\sts-4.23.1.RELEASE\plugins\org.eclipse.justj.openjdk.hotspot.jre.full.win32.x86_64_21.0.3.v20240426-1530\jre\bin\verify.dll
0x00007ffedb730000 - 0x00007ffedb73e000 	D:\sts-4.23.1.RELEASE\plugins\org.eclipse.justj.openjdk.hotspot.jre.full.win32.x86_64_21.0.3.v20240426-1530\jre\bin\sunmscapi.dll
0x00007fff49320000 - 0x00007fff49486000 	C:\Windows\System32\CRYPT32.dll
0x00007fff48300000 - 0x00007fff4832e000 	C:\Windows\SYSTEM32\ncrypt.dll
0x00007fff482c0000 - 0x00007fff482f7000 	C:\Windows\SYSTEM32\NTASN1.dll
0x00007fff47ec0000 - 0x00007fff47ec8000 	C:\Windows\system32\wshunix.dll

dbghelp: loaded successfully - version: 4.0.5 - missing functions: none
symbol engine: initialized successfully - sym options: 0x614 - pdb path: .;D:\sts-4.23.1.RELEASE\plugins\org.eclipse.justj.openjdk.hotspot.jre.full.win32.x86_64_21.0.3.v20240426-1530\jre\bin;C:\Windows\SYSTEM32;C:\Windows\WinSxS\amd64_microsoft.windows.common-controls_6595b64144ccf1df_6.0.22621.2506_none_270c5ae97388e100;D:\sts-4.23.1.RELEASE\plugins\org.eclipse.justj.openjdk.hotspot.jre.full.win32.x86_64_21.0.3.v20240426-1530\jre\bin\server

VM Arguments:
jvm_args: -XX:+ShowCodeDetailsInExceptionMessages -agentlib:jdwp=transport=dt_socket,suspend=y,address=localhost:50420 -Dcom.sun.management.jmxremote -Dcom.sun.management.jmxremote.port=50419 -Dcom.sun.management.jmxremote.authenticate=false -Dcom.sun.management.jmxremote.ssl=false -Djava.rmi.server.hostname=localhost -Dspring.jmx.enabled=true -Dmanagement.endpoints.jmx.exposure.include=* -Dspring.application.admin.enabled=true -XX:TieredStopAtLevel=1 -Dspring.boot.project.name=MetaProject -javaagent:D:\sts-4.23.1.RELEASE\configuration\org.eclipse.osgi\270\0\.cp\lib\javaagent-shaded.jar -Dfile.encoding=UTF-8 -Dstdout.encoding=UTF-8 -Dstderr.encoding=UTF-8 
java_command: com.example.demo.MetaProjectApplication --spring.output.ansi.enabled=always
java_class_path (initial): D:\meta\metaProject\target\classes;C:\Users\upend\.m2\repository\org\springframework\boot\spring-boot-starter-security\3.3.1\spring-boot-starter-security-3.3.1.jar;C:\Users\upend\.m2\repository\org\springframework\boot\spring-boot-starter\3.3.1\spring-boot-starter-3.3.1.jar;C:\Users\upend\.m2\repository\org\springframework\boot\spring-boot-starter-logging\3.3.1\spring-boot-starter-logging-3.3.1.jar;C:\Users\upend\.m2\repository\ch\qos\logback\logback-classic\1.5.6\logback-classic-1.5.6.jar;C:\Users\upend\.m2\repository\ch\qos\logback\logback-core\1.5.6\logback-core-1.5.6.jar;C:\Users\upend\.m2\repository\org\apache\logging\log4j\log4j-to-slf4j\2.23.1\log4j-to-slf4j-2.23.1.jar;C:\Users\upend\.m2\repository\org\apache\logging\log4j\log4j-api\2.23.1\log4j-api-2.23.1.jar;C:\Users\upend\.m2\repository\org\slf4j\jul-to-slf4j\2.0.13\jul-to-slf4j-2.0.13.jar;C:\Users\upend\.m2\repository\jakarta\annotation\jakarta.annotation-api\2.1.1\jakarta.annotation-api-2.1.1.jar;C:\Users\upend\.m2\repository\org\yaml\snakeyaml\2.2\snakeyaml-2.2.jar;C:\Users\upend\.m2\repository\org\springframework\spring-aop\6.1.10\spring-aop-6.1.10.jar;C:\Users\upend\.m2\repository\org\springframework\spring-beans\6.1.10\spring-beans-6.1.10.jar;C:\Users\upend\.m2\repository\org\springframework\security\spring-security-config\6.3.1\spring-security-config-6.3.1.jar;C:\Users\upend\.m2\repository\org\springframework\spring-context\6.1.10\spring-context-6.1.10.jar;C:\Users\upend\.m2\repository\org\springframework\security\spring-security-web\6.3.1\spring-security-web-6.3.1.jar;C:\Users\upend\.m2\repository\org\springframework\spring-expression\6.1.10\spring-expression-6.1.10.jar;C:\Users\upend\.m2\repository\org\springframework\boot\spring-boot-starter-thymeleaf\3.3.1\spring-boot-starter-thymeleaf-3.3.1.jar;C:\Users\upend\.m2\repository\org\thymeleaf\thymeleaf-spring6\3.1.2.RELEASE\thymeleaf-spring6-3.1.2.RELEASE.jar;C:\Users\upend\.m2\repository\org\thymeleaf\thymeleaf\3.1.2.RELEASE\thymeleaf-3.1.2.RELEASE.jar;C:\Users\upend\.m2\repository\org\attoparser\attoparser\2.0.7.RELEASE\attoparser-2.0.7.RELEASE.jar;C:\Users\upend\.m2\repository\org\unbescape\unbescape\1.1.6.RELEASE\unbescape-1.1.6.RELEASE.jar;C:\Users\upend\.m2\repository\org\slf4j\slf4j-api\2.0.13\slf4j-api-2.0.13.jar;C:\Users\upend\.m2\repository\org\springframework\boot\spring-boot-starter-web\3.3.1\spring-boot-starter-web-3.3.1.jar;C:\Users\upend\.m2\repository\org\springframework\boot\spring-boot-starter-json\3.3.1\spring-boot-starter-json-3.3.1.jar;C:\Users\upend\.m2\repository\com\fasterxml\jackson\core\jackson-databind\2.17.1\jackson-databind-2.17.1.jar;C:\Users\upend\.m2\repository\com\fasterxml\jackson\core\jackson-annotations\2.17.1\jackson-annotations-2.17.1.jar;C:\Users\upend\.m2\repository\com\fasterxml\jackson\core\jackson-core\2.17.1\jackson-core-2.17.1.jar;C:\Users\upend\.m2\repository\com\fasterxml\jackson\datatype\jackson-datatype-jdk8\2.17.1\jackson-datatype-jdk8-2.17.1.jar;C:\Users\upend\.m2\repository\com\fasterxml\jackson\datatype\jackson-datatype-jsr310\2.17.1\jackson-datatype-jsr310-2.17.1.jar;C:\Users\upend\.m2\repository\com\fasterxml\jackson\module\jackson-module-parameter-names\2.17.1\jackson-module-parameter-names-2.17.1.jar;C:\Users\upend\.m2\repository\org\springframework\boot\spring-boot-starter-tomcat\3.3.1\spring-boot-starter-tomcat-3.3.1.jar;C:\Users\upend\.m2\repository\org\apache\tomcat\embed\tomcat-embed-websocket\10.1.25\tomcat-embed-websocket-10.1.25.jar;C:\Users\upend\.m2\repository\org\springframework\spring-web\6.1.10\spring-web-6.1.10.jar;C:\Users\upend\.m2\repository\io\micrometer\micrometer-observation\1.13.1\micrometer-observation-1.13.1.jar;C:\Users\upend\.m2\repository\io\micrometer\micrometer-commons\1.13.1\micrometer-commons-1.13.1.jar;C:\Users\upend\.m2\repository\org\springframework\spring-webmvc\6.1.10\spring-webmvc-6.1.10.jar;C:\Users\upend\.m2\repository\org\springframework\boot\spring-boot-starter-web-services\3.3.1\spring-boot-starter-web-services-3.3.1.jar;C:\Users\upend\.m2\repository\com\sun\xml\messaging\saaj\saaj-impl\3.0.4\saaj-impl-3.0.4.jar;C:\Users\upend\.m2\repository\jakarta\xml\soap\jakarta.xml.soap-api\3.0.2\jakarta.xml.soap-api-3.0.2.jar;C:\Users\upend\.m2\repository\org\jvnet\staxex\stax-ex\2.1.0\stax-ex-2.1.0.jar;C:\Users\upend\.m2\repository\jakarta\activation\jakarta.activation-api\2.1.3\jakarta.activation-api-2.1.3.jar;C:\Users\upend\.m2\repository\org\eclipse\angus\angus-activation\2.0.2\angus-activation-2.0.2.jar;C:\Users\upend\.m2\repository\jakarta\xml\ws\jakarta.xml.ws-api\4.0.2\jakarta.xml.ws-api-4.0.2.jar;C:\Users\upend\.m2\repository\org\springframework\spring-oxm\6.1.10\spring-oxm-6.1.10.jar;C:\Users\upend\.m2\repository\org\springframework\ws\spring-ws-core\4.0.11\spring-ws-core-4.0.11.jar;C:\Users\upend\.m2\repository\org\springframework\ws\spring-xml\4.0.11\spring-xml-4.0.11.jar;C:\Users\upend\.m2\repository\org\glassfish\jaxb\jaxb-runtime\4.0.5\jaxb-runtime-4.0.5.jar;C:\Users\upend\.m2\repository\org\glassfish\jaxb\jaxb-core\4.0.5\jaxb-core-4.0.5.jar;C:\Users\upend\.m2\repository\org\glassfish\jaxb\txw2\4.0.5\txw2-4.0.5.jar;C:\Users\upend\.m2\repository\com\sun\istack\istack-commons-runtime\4.1.2\istack-commons-runtime-4.1.2.jar;C:\Users\upend\.m2\repository\org\springframework\boot\spring-boot-starter-data-jpa\3.3.1\spring-boot-starter-data-jpa-3.3.1.jar;C:\Users\upend\.m2\repository\org\springframework\boot\spring-boot-starter-aop\3.3.1\spring-boot-starter-aop-3.3.1.jar;C:\Users\upend\.m2\repository\org\aspectj\aspectjweaver\1.9.22\aspectjweaver-1.9.22.jar;C:\Users\upend\.m2\repository\org\springframework\boot\spring-boot-starter-jdbc\3.3.1\spring-boot-starter-jdbc-3.3.1.jar;C:\Users\upend\.m2\repository\com\zaxxer\HikariCP\5.1.0\HikariCP-5.1.0.jar;C:\Users\upend\.m2\repository\org\springframework\spring-jdbc\6.1.10\spring-jdbc-6.1.10.jar;C:\Users\upend\.m2\repository\org\hibernate\orm\hibernate-core\6.5.2.Final\hibernate-core-6.5.2.Final.jar;C:\Users\upend\.m2\repository\jakarta\transaction\jakarta.transaction-api\2.0.1\jakarta.transaction-api-2.0.1.jar;C:\Users\upend\.m2\repository\org\jboss\logging\jboss-logging\3.5.3.Final\jboss-logging-3.5.3.Final.jar;C:\Users\upend\.m2\repository\org\hibernate\common\hibernate-commons-annotations\6.0.6.Final\hibernate-commons-annotations-6.0.6.Final.jar;C:\Users\upend\.m2\repository\io\smallrye\jandex\3.1.2\jandex-3.1.2.jar;C:\Users\upend\.m2\repository\com\fasterxml\classmate\1.7.0\classmate-1.7.0.jar;C:\Users\upend\.m2\repository\net\bytebuddy\byte-buddy\1.14.17\byte-buddy-1.14.17.jar;C:\Users\upend\.m2\repository\jakarta\inject\jakarta.inject-api\2.0.1\jakarta.inject-api-2.0.1.jar;C:\Users\upend\.m2\repository\org\antlr\antlr4-runtime\4.13.0\antlr4-runtime-4.13.0.jar;C:\Users\upend\.m2\repository\org\springframework\data\spring-data-jpa\3.3.1\spring-data-jpa-3.3.1.jar;C:\Users\upend\.m2\repository\org\springframework\data\spring-data-commons\3.3.1\spring-data-commons-3.3.1.jar;C:\Users\upend\.m2\repository\org\springframework\spring-orm\6.1.10\spring-orm-6.1.10.jar;C:\Users\upend\.m2\repository\org\springframework\spring-tx\6.1.10\spring-tx-6.1.10.jar;C:\Users\upend\.m2\repository\org\springframework\spring-aspects\6.1.10\spring-aspects-6.1.10.jar;C:\Users\upend\.m2\repository\org\springframework\boot\spring-boot-devtools\3.3.1\spring-boot-devtools-3.3.1.jar;C:\Users\upend\.m2\repository\org\springframework\boot\spring-boot\3.3.1\spring-boot-3.3.1.jar;C:\Users\upend\.m2\repository\org\springframework\boot\spring-boot-autoconfigure\3.3.1\spring-boot-autoconfigure-3.3.1.jar;C:\Users\upend\.m2\repository\com\mysql\mysql-connector-j\8.3.0\mysql-connector-j-8.3.0.jar;C:\Users\upend\.m2\repository\jakarta\xml\bind\jakarta.xml.bind-api\4.0.2\jakarta.xml.bind-api-4.0.2.jar;C:\Users\upend\.m2\repository\org\springframework\spring-core\6.1.10\spring-core-6.1.10.jar;C:\Users\upend\.m2\repository\org\springframework\spring-jcl\6.1.10\spring-jcl-6.1.10.jar;C:\Users\upend\.m2\repository\org\springframework\security\spring-security-core\6.3.1\spring-security-core-6.3.1.jar;C:\Users\upend\.m2\repository\org\springframework\security\spring-security-crypto\6.3.1\spring-security-crypto-6.3.1.jar;C:\Users\upend\.m2\repository\org\springframework\boot\spring-boot-starter-mail\3.3.1\spring-boot-starter-mail-3.3.1.jar;C:\Users\upend\.m2\repository\org\springframework\spring-context-support\6.1.10\spring-context-support-6.1.10.jar;C:\Users\upend\.m2\repository\org\eclipse\angus\jakarta.mail\2.0.3\jakarta.mail-2.0.3.jar;C:\Users\upend\.m2\repository\jakarta\persistence\jakarta.persistence-api\3.1.0\jakarta.persistence-api-3.1.0.jar;C:\Users\upend\.m2\repository\jakarta\servlet\jakarta.servlet-api\6.0.0\jakarta.servlet-api-6.0.0.jar;C:\Users\upend\.m2\repository\org\apache\tomcat\embed\tomcat-embed-jasper\10.1.25\tomcat-embed-jasper-10.1.25.jar;C:\Users\upend\.m2\repository\org\apache\tomcat\embed\tomcat-embed-core\10.1.25\tomcat-embed-core-10.1.25.jar;C:\Users\upend\.m2\repository\org\apache\tomcat\tomcat-annotations-api\10.1.25\tomcat-annotations-api-10.1.25.jar;C:\Users\upend\.m2\repository\org\apache\tomcat\embed\tomcat-embed-el\10.1.25\tomcat-embed-el-10.1.25.jar;C:\Users\upend\.m2\repository\org\eclipse\jdt\ecj\3.33.0\ecj-3.33.0.jar;C:\Users\upend\.m2\repository\jakarta\servlet\jsp\jstl\jakarta.servlet.jsp.jstl-api\3.0.0\jakarta.servlet.jsp.jstl-api-3.0.0.jar;C:\Users\upend\.m2\repository\jakarta\el\jakarta.el-api\5.0.0\jakarta.el-api-5.0.0.jar;C:\Users\upend\.m2\repository\org\glassfish\web\jakarta.servlet.jsp.jstl\3.0.1\jakarta.servlet.jsp.jstl-3.0.1.jar
Launcher Type: SUN_STANDARD

[Global flags]
     intx CICompilerCount                          = 4                                         {product} {ergonomic}
     uint ConcGCThreads                            = 3                                         {product} {ergonomic}
     uint G1ConcRefinementThreads                  = 10                                        {product} {ergonomic}
   size_t G1HeapRegionSize                         = 4194304                                   {product} {ergonomic}
    uintx GCDrainStackTargetSize                   = 64                                        {product} {ergonomic}
   size_t InitialHeapSize                          = 398458880                                 {product} {ergonomic}
     bool ManagementServer                         = true                                      {product} {command line}
   size_t MarkStackSize                            = 4194304                                   {product} {ergonomic}
   size_t MaxHeapSize                              = 6362759168                                {product} {ergonomic}
   size_t MaxNewSize                               = 3816816640                                {product} {ergonomic}
   size_t MinHeapDeltaBytes                        = 4194304                                   {product} {ergonomic}
   size_t MinHeapSize                              = 8388608                                   {product} {ergonomic}
    uintx NonNMethodCodeHeapSize                   = 4096                                   {pd product} {ergonomic}
    uintx NonProfiledCodeHeapSize                  = 0                                      {pd product} {ergonomic}
     bool ProfileInterpreter                       = false                                  {pd product} {command line}
    uintx ProfiledCodeHeapSize                     = 0                                      {pd product} {ergonomic}
     bool ShowCodeDetailsInExceptionMessages       = true                                   {manageable} {command line}
   size_t SoftMaxHeapSize                          = 6362759168                             {manageable} {ergonomic}
     intx TieredStopAtLevel                        = 1                                         {product} {command line}
     bool UseCompressedOops                        = true                           {product lp64_product} {ergonomic}
     bool UseG1GC                                  = true                                      {product} {ergonomic}
     bool UseLargePagesIndividualAllocation        = false                                  {pd product} {ergonomic}

Logging:
Log output configuration:
 #0: stdout all=warning uptime,level,tags foldmultilines=false
 #1: stderr all=off uptime,level,tags foldmultilines=false

Environment Variables:
JAVA_HOME=C:\Program Files\Java\jdk-21
PATH=D:\sts-4.23.1.RELEASE\plugins\org.eclipse.justj.openjdk.hotspot.jre.full.win32.x86_64_21.0.3.v20240426-1530\jre\bin;D:/sts-4.23.1.RELEASE//plugins/org.eclipse.justj.openjdk.hotspot.jre.full.win32.x86_64_21.0.3.v20240426-1530/jre/bin/server;D:/sts-4.23.1.RELEASE//plugins/org.eclipse.justj.openjdk.hotspot.jre.full.win32.x86_64_21.0.3.v20240426-1530/jre/bin;C:\Program Files\Common Files\Oracle\Java\javapath;C:\Program Files (x86)\Common Files\Oracle\Java\javapath;C:\Windows\system32;C:\Windows;C:\Windows\System32\Wbem;C:\Windows\System32\WindowsPowerShell\v1.0\;C:\Windows\System32\OpenSSH\;C:\Program Files\Git\cmd;C:\Program Files\Java\jdk-21\bin;D:\apache-maven-3.8.5-bin\apache-maven-3.8.5\bin;C:\Program Files\nodejs\;C:\Program Files\MySQL\MySQL Shell 8.0\bin\;C:\Users\upend\AppData\Local\Microsoft\WindowsApps;;C:\Program Files\JetBrains\IntelliJ IDEA Educational Edition 2022.2.2\bin;;C:\Users\upend\AppData\Roaming\npm;D:\sts-4.23.1.RELEASE;
USERNAME=upend
OS=Windows_NT
PROCESSOR_IDENTIFIER=Intel64 Family 6 Model 154 Stepping 4, GenuineIntel
TMP=C:\Users\upend\AppData\Local\Temp
TEMP=C:\Users\upend\AppData\Local\Temp




Periodic native trim disabled

---------------  S Y S T E M  ---------------

OS:
 Windows 11 , 64 bit Build 22621 (10.0.22621.3085)
OS uptime: 0 days 0:19 hours

CPU: total 12 (initial active 12) (6 cores per cpu, 2 threads per core) family 6 model 154 stepping 4 microcode 0x42c, cx8, cmov, fxsr, ht, mmx, 3dnowpref, sse, sse2, sse3, ssse3, sse4.1, sse4.2, popcnt, lzcnt, tsc, tscinvbit, avx, avx2, aes, erms, clmul, bmi1, bmi2, adx, sha, fma, vzeroupper, clflush, clflushopt, clwb, serialize, rdtscp, rdpid, fsrm, f16c, pku, cet_ibt, cet_ss
Processor Information for processor 0
  Max Mhz: 1300, Current Mhz: 1300, Mhz Limit: 1300
Processor Information for processor 1
  Max Mhz: 1300, Current Mhz: 1300, Mhz Limit: 1300
Processor Information for processor 2
  Max Mhz: 1300, Current Mhz: 1300, Mhz Limit: 1300
Processor Information for processor 3
  Max Mhz: 1300, Current Mhz: 1300, Mhz Limit: 1300
Processor Information for processor 4
  Max Mhz: 1300, Current Mhz: 900, Mhz Limit: 897
Processor Information for processor 5
  Max Mhz: 1300, Current Mhz: 900, Mhz Limit: 897
Processor Information for processor 6
  Max Mhz: 1300, Current Mhz: 900, Mhz Limit: 897
Processor Information for processor 7
  Max Mhz: 1300, Current Mhz: 900, Mhz Limit: 897
Processor Information for processor 8
  Max Mhz: 1300, Current Mhz: 900, Mhz Limit: 897
Processor Information for processor 9
  Max Mhz: 1300, Current Mhz: 900, Mhz Limit: 897
Processor Information for processor 10
  Max Mhz: 1300, Current Mhz: 900, Mhz Limit: 897
Processor Information for processor 11
  Max Mhz: 1300, Current Mhz: 900, Mhz Limit: 897

Memory: 4k page, system-wide physical 24259M (15883M free)
TotalPageFile size 48835M (AvailPageFile size 39453M)
current process WorkingSet (physical memory assigned to process): 330M, peak: 375M
current process commit charge ("private bytes"): 365M, peak: 496M

vm_info: OpenJDK 64-Bit Server VM (21.0.3+9-LTS) for windows-amd64 JRE (21.0.3+9-LTS), built on 2024-04-16T00:00:00Z by "admin" with MS VC++ 17.7 (VS2022)

END.
